0 info it worked if it ends with ok
1 verbose cli [ '/usr/local/bin/node', '/usr/local/bin/npm', 'run', 'deps' ]
2 info using npm@3.10.3
3 info using node@v6.7.0
4 verbose run-script [ 'predeps', 'deps', 'postdeps' ]
5 info lifecycle raml-docs-method-viewer@0.0.1~predeps: raml-docs-method-viewer@0.0.1
6 silly lifecycle raml-docs-method-viewer@0.0.1~predeps: no script for predeps, continuing
7 info lifecycle raml-docs-method-viewer@0.0.1~deps: raml-docs-method-viewer@0.0.1
8 verbose lifecycle raml-docs-method-viewer@0.0.1~deps: unsafe-perm in lifecycle true
9 verbose lifecycle raml-docs-method-viewer@0.0.1~deps: PATH: /usr/local/lib/node_modules/npm/bin/node-gyp-bin:/Users/pawelpsztyc/workspace/advanced-rest-client/raml-docs-method-viewer/node_modules/.bin:/usr/local/bin:/Users/pawelpsztyc/sdk/google-cloud-sdk/bin:/Users/pawelpsztyc/anaconda2/bin:/Library/Frameworks/Python.framework/Versions/2.7/bin:/usr/local/bin:/usr/bin:/bin:/usr/sbin:/sbin:/usr/local/MacGPG2/bin
10 verbose lifecycle raml-docs-method-viewer@0.0.1~deps: CWD: /Users/pawelpsztyc/workspace/advanced-rest-client/raml-docs-method-viewer
11 silly lifecycle raml-docs-method-viewer@0.0.1~deps: Args: [ '-c', 'npm install --quiet && bower install --quiet' ]
12 silly lifecycle raml-docs-method-viewer@0.0.1~deps: Returned: code: 1  signal: null
13 info lifecycle raml-docs-method-viewer@0.0.1~deps: Failed to exec deps script
14 verbose stack Error: raml-docs-method-viewer@0.0.1 deps: `npm install --quiet && bower install --quiet`
14 verbose stack Exit status 1
14 verbose stack     at EventEmitter.<anonymous> (/usr/local/lib/node_modules/npm/lib/utils/lifecycle.js:242:16)
14 verbose stack     at emitTwo (events.js:106:13)
14 verbose stack     at EventEmitter.emit (events.js:191:7)
14 verbose stack     at ChildProcess.<anonymous> (/usr/local/lib/node_modules/npm/lib/utils/spawn.js:40:14)
14 verbose stack     at emitTwo (events.js:106:13)
14 verbose stack     at ChildProcess.emit (events.js:191:7)
14 verbose stack     at maybeClose (internal/child_process.js:877:16)
14 verbose stack     at Process.ChildProcess._handle.onexit (internal/child_process.js:226:5)
15 verbose pkgid raml-docs-method-viewer@0.0.1
16 verbose cwd /Users/pawelpsztyc/workspace/advanced-rest-client/raml-docs-method-viewer
17 error Darwin 16.1.0
18 error argv "/usr/local/bin/node" "/usr/local/bin/npm" "run" "deps"
19 error node v6.7.0
20 error npm  v3.10.3
21 error code ELIFECYCLE
22 error raml-docs-method-viewer@0.0.1 deps: `npm install --quiet && bower install --quiet`
22 error Exit status 1
23 error Failed at the raml-docs-method-viewer@0.0.1 deps script 'npm install --quiet && bower install --quiet'.
23 error Make sure you have the latest version of node.js and npm installed.
23 error If you do, this is most likely a problem with the raml-docs-method-viewer package,
23 error not with npm itself.
23 error Tell the author that this fails on your system:
23 error     npm install --quiet && bower install --quiet
23 error You can get information on how to open an issue for this project with:
23 error     npm bugs raml-docs-method-viewer
23 error Or if that isn't available, you can get their info via:
23 error     npm owner ls raml-docs-method-viewer
23 error There is likely additional logging output above.
24 verbose exit [ 1, true ]
